# JRE version: OpenJDK Runtime Environment Temurin-21.0.8+9 (21.0.8+9) (build 21.0.8+9-LTS)
# Java VM: OpenJDK 64-Bit Server VM Temurin-21.0.8+9 (21.0.8+9-LTS, mixed mode, emulated-client, sharing, tiered, compressed oops, compressed class ptrs, g1 gc, windows-amd64)
GC Precious Log:
 CardTable entry size: 512
 Card Set container configuration: InlinePtr #cards 5 size 8 Array Of Cards #cards 12 size 40 Howl #buckets 4 coarsen threshold 1843 Howl Bitmap #cards 512 size 80 coarsen threshold 460 Card regions per heap region 1 cards per card region 2048
 CPUs: 4 total, 4 available
 Memory: 3862M
 Large Page Support: Disabled
 NUMA Support: Disabled
 Compressed Oops: Enabled (32-bit)
 Heap Region Size: 1M
 Heap Min Capacity: 8M
 Heap Initial Capacity: 62M
 Heap Max Capacity: 966M
 Pre-touch: Disabled
 Parallel Workers: 4
 Concurrent Workers: 1
 Concurrent Refinement Workers: 4
 Periodic GC: Disabled
Heap:
 garbage-first heap   total 63488K, used 44332K [0x00000000c3a00000, 0x0000000100000000)
  region size 1024K, 28 young (28672K), 3 survivors (3072K)
 Metaspace       used 25484K, committed 25856K, reserved 1114112K
  class space    used 3482K, committed 3648K, reserved 1048576K
GC Heap History (12 events):
Event: 1.509 GC heap before
{Heap before GC invocations=0 (full 0):
 garbage-first heap   total 63488K, used 16384K [0x00000000c3a00000, 0x0000000100000000)
  region size 1024K, 13 young (13312K), 0 survivors (0K)
 Metaspace       used 2796K, committed 2944K, reserved 1114112K
  class space    used 324K, committed 384K, reserved 1048576K
}
Event: 1.523 GC heap after
{Heap after GC invocations=1 (full 0):
 garbage-first heap   total 63488K, used 9600K [0x00000000c3a00000, 0x0000000100000000)
  region size 1024K, 2 young (2048K), 2 survivors (2048K)
 Metaspace       used 2796K, committed 2944K, reserved 1114112K
  class space    used 324K, committed 384K, reserved 1048576K
}
Event: 2.224 GC heap before
{Heap before GC invocations=1 (full 0):
 garbage-first heap   total 63488K, used 18816K [0x00000000c3a00000, 0x0000000100000000)
  region size 1024K, 12 young (12288K), 2 survivors (2048K)
 Metaspace       used 7109K, committed 7360K, reserved 1114112K
  class space    used 872K, committed 960K, reserved 1048576K
}
Event: 2.230 GC heap after
{Heap after GC invocations=2 (full 0):
 garbage-first heap   total 63488K, used 10959K [0x00000000c3a00000, 0x0000000100000000)
  region size 1024K, 2 young (2048K), 2 survivors (2048K)
 Metaspace       used 7109K, committed 7360K, reserved 1114112K
  class space    used 872K, committed 960K, reserved 1048576K
}
Event: 2.678 GC heap before
{Heap before GC invocations=2 (full 0):
 garbage-first heap   total 63488K, used 38607K [0x00000000c3a00000, 0x0000000100000000)
  region size 1024K, 26 young (26624K), 2 survivors (2048K)
 Metaspace       used 10778K, committed 11072K, reserved 1114112K
  class space    used 1342K, committed 1472K, reserved 1048576K
}
Event: 2.687 GC heap after
{Heap after GC invocations=3 (full 0):
 garbage-first heap   total 63488K, used 15543K [0x00000000c3a00000, 0x0000000100000000)
  region size 1024K, 4 young (4096K), 4 survivors (4096K)
 Metaspace       used 10778K, committed 11072K, reserved 1114112K
  class space    used 1342K, committed 1472K, reserved 1048576K
}
Event: 3.317 GC heap before
{Heap before GC invocations=3 (full 0):
 garbage-first heap   total 63488K, used 37047K [0x00000000c3a00000, 0x0000000100000000)
  region size 1024K, 26 young (26624K), 4 survivors (4096K)
 Metaspace       used 15865K, committed 16256K, reserved 1114112K
  class space    used 2155K, committed 2304K, reserved 1048576K
}
Event: 3.322 GC heap after
{Heap after GC invocations=4 (full 0):
 garbage-first heap   total 63488K, used 17898K [0x00000000c3a00000, 0x0000000100000000)
  region size 1024K, 3 young (3072K), 3 survivors (3072K)
 Metaspace       used 15865K, committed 16256K, reserved 1114112K
  class space    used 2155K, committed 2304K, reserved 1048576K
}
Event: 4.203 GC heap before
{Heap before GC invocations=4 (full 0):
 garbage-first heap   total 63488K, used 41450K [0x00000000c3a00000, 0x0000000100000000)
  region size 1024K, 27 young (27648K), 3 survivors (3072K)
 Metaspace       used 20982K, committed 21376K, reserved 1114112K
  class space    used 2920K, committed 3072K, reserved 1048576K
}
Event: 4.207 GC heap after
{Heap after GC invocations=5 (full 0):
 garbage-first heap   total 63488K, used 19286K [0x00000000c3a00000, 0x0000000100000000)
  region size 1024K, 4 young (4096K), 4 survivors (4096K)
 Metaspace       used 20982K, committed 21376K, reserved 1114112K
  class space    used 2920K, committed 3072K, reserved 1048576K
}
Event: 4.226 GC heap before
{Heap before GC invocations=5 (full 0):
 garbage-first heap   total 63488K, used 20310K [0x00000000c3a00000, 0x0000000100000000)
  region size 1024K, 6 young (6144K), 4 survivors (4096K)
 Metaspace       used 21087K, committed 21504K, reserved 1114112K
  class space    used 2929K, committed 3136K, reserved 1048576K
}
Event: 4.230 GC heap after
{Heap after GC invocations=6 (full 0):
 garbage-first heap   total 63488K, used 19756K [0x00000000c3a00000, 0x0000000100000000)
  region size 1024K, 3 young (3072K), 3 survivors (3072K)
 Metaspace       used 21087K, committed 21504K, reserved 1114112K
  class space    used 2929K, committed 3136K, reserved 1048576K
}

